This is pdfTeX, Version 3.141592653-2.6-1.40.24 (MiKTeX 22.11) (preloaded format=pdflatex 2022.12.4)  4 DEC 2022 11:21
entering extended mode
 restricted \write18 enabled.
 %&-line parsing enabled.
**./Dissertacao.tex
(Dissertacao.tex
LaTeX2e <2022-11-01> patch level 1
L3 programming layer <2022-11-02>

LaTeX Warning: \include should only be used after \begin{document} on input lin
e 1.

(preambulo/preambulo.tex
(/home/jeremias/.miktex/texmfs/install/tex/latex/base/report.cls
Document Class: report 2022/07/02 v1.4n Standard LaTeX document class
(/home/jeremias/.miktex/texmfs/install/tex/latex/base/size12.clo
File: size12.clo 2022/07/02 v1.4n Standard LaTeX file (size option)
)
\c@part=\count185
\c@chapter=\count186
\c@section=\count187
\c@subsection=\count188
\c@subsubsection=\count189
\c@paragraph=\count190
\c@subparagraph=\count191
\c@figure=\count192
\c@table=\count193
\abovecaptionskip=\skip48
\belowcaptionskip=\skip49
\bibindent=\dimen140
)
(/home/jeremias/.miktex/texmfs/install/tex/latex/amsfonts/amssymb.sty
Package: amssymb 2013/01/14 v3.01 AMS font symbols

(/home/jeremias/.miktex/texmfs/install/tex/latex/amsfonts/amsfonts.sty
Package: amsfonts 2013/01/14 v3.01 Basic AMSFonts support
\@emptytoks=\toks16
\symAMSa=\mathgroup4
\symAMSb=\mathgroup5
LaTeX Font Info:    Redeclaring math symbol \hbar on input line 98.
LaTeX Font Info:    Overwriting math alphabet `\mathfrak' in version `bold'
(Font)                  U/euf/m/n --> U/euf/b/n on input line 106.
))
(/home/jeremias/.miktex/texmfs/install/tex/latex/amsmath/amsmath.sty
Package: amsmath 2022/04/08 v2.17n AMS math features
\@mathmargin=\skip50

For additional information on amsmath, use the `?' option.
(/home/jeremias/.miktex/texmfs/install/tex/latex/amsmath/amstext.sty
Package: amstext 2021/08/26 v2.01 AMS text

(/home/jeremias/.miktex/texmfs/install/tex/latex/amsmath/amsgen.sty
File: amsgen.sty 1999/11/30 v2.0 generic functions
\@emptytoks=\toks17
\ex@=\dimen141
))
(/home/jeremias/.miktex/texmfs/install/tex/latex/amsmath/amsbsy.sty
Package: amsbsy 1999/11/29 v1.2d Bold Symbols
\pmbraise@=\dimen142
)
(/home/jeremias/.miktex/texmfs/install/tex/latex/amsmath/amsopn.sty
Package: amsopn 2022/04/08 v2.04 operator names
)
\inf@bad=\count194
LaTeX Info: Redefining \frac on input line 234.
\uproot@=\count195
\leftroot@=\count196
LaTeX Info: Redefining \overline on input line 399.
LaTeX Info: Redefining \colon on input line 410.
\classnum@=\count197
\DOTSCASE@=\count198
LaTeX Info: Redefining \ldots on input line 496.
LaTeX Info: Redefining \dots on input line 499.
LaTeX Info: Redefining \cdots on input line 620.
\Mathstrutbox@=\box51
\strutbox@=\box52
LaTeX Info: Redefining \big on input line 722.
LaTeX Info: Redefining \Big on input line 723.
LaTeX Info: Redefining \bigg on input line 724.
LaTeX Info: Redefining \Bigg on input line 725.
\big@size=\dimen143
LaTeX Font Info:    Redeclaring font encoding OML on input line 743.
LaTeX Font Info:    Redeclaring font encoding OMS on input line 744.
\macc@depth=\count199
LaTeX Info: Redefining \bmod on input line 905.
LaTeX Info: Redefining \pmod on input line 910.
LaTeX Info: Redefining \smash on input line 940.
LaTeX Info: Redefining \relbar on input line 970.
LaTeX Info: Redefining \Relbar on input line 971.
\c@MaxMatrixCols=\count266
\dotsspace@=\muskip16
\c@parentequation=\count267
\dspbrk@lvl=\count268
\tag@help=\toks18
\row@=\count269
\column@=\count270
\maxfields@=\count271
\andhelp@=\toks19
\eqnshift@=\dimen144
\alignsep@=\dimen145
\tagshift@=\dimen146
\tagwidth@=\dimen147
\totwidth@=\dimen148
\lineht@=\dimen149
\@envbody=\toks20
\multlinegap=\skip51
\multlinetaggap=\skip52
\mathdisplay@stack=\toks21
LaTeX Info: Redefining \[ on input line 2953.
LaTeX Info: Redefining \] on input line 2954.
)
(/home/jeremias/.miktex/texmfs/install/tex/latex/accents/accents.sty
Package: accents 2006/05/12 v1.4 Math Accent Tools
\cc@skew=\dimen150
\cc@wd=\dimen151
\cc@code=\count272
\cc@group=\count273
\cc@skewchar=\count274
)
(/home/jeremias/.miktex/texmfs/install/tex/generic/babel/babel.sty
Package: babel 2022/11/30 3.83 The Babel package
\babel@savecnt=\count275
\U@D=\dimen152
\l@unhyphenated=\language1

(/home/jeremias/.miktex/texmfs/install/tex/generic/babel/txtbabel.def)
\bbl@readstream=\read2
\bbl@dirlevel=\count276

*************************************
* Local config file bblopts.cfg used
*
(/home/jeremias/.miktex/texmfs/install/tex/latex/arabi/bblopts.cfg
File: bblopts.cfg 2005/09/08 v0.1 add Arabic and Farsi to "declared" options of
 babel
)
(/home/jeremias/.miktex/texmfs/install/tex/latex/babel-portuges/brazil.ldf
Language: portuges 2021/07/09 v1.2t Portuguese support from the babel system


Package babel Warning: No hyphenation patterns were preloaded for
(babel)                the language 'Portuguese' into the format.
(babel)                Please, configure your TeX system to add them and
(babel)                rebuild the format. Now I will use the patterns
(babel)                preloaded for \language=0 instead on input line 53.

Package babel Info: Making " an active character on input line 143.
)) (/home/jeremias/.miktex/texmfs/install/tex/latex/graphics/graphicx.sty
Package: graphicx 2021/09/16 v1.2d Enhanced LaTeX Graphics (DPC,SPQR)

(/home/jeremias/.miktex/texmfs/install/tex/latex/graphics/keyval.sty
Package: keyval 2022/05/29 v1.15 key=value parser (DPC)
\KV@toks@=\toks22
)
(/home/jeremias/.miktex/texmfs/install/tex/latex/graphics/graphics.sty
Package: graphics 2022/03/10 v1.4e Standard LaTeX Graphics (DPC,SPQR)

(/home/jeremias/.miktex/texmfs/install/tex/latex/graphics/trig.sty
Package: trig 2021/08/11 v1.11 sin cos tan (DPC)
)
(/home/jeremias/.miktex/texmfs/install/tex/latex/graphics-cfg/graphics.cfg
File: graphics.cfg 2016/06/04 v1.11 sample graphics configuration
)
Package graphics Info: Driver file: pdftex.def on input line 107.

(/home/jeremias/.miktex/texmfs/install/tex/latex/graphics-def/pdftex.def
File: pdftex.def 2022/09/22 v1.2b Graphics/color driver for pdftex
))
\Gin@req@height=\dimen153
\Gin@req@width=\dimen154
)
(/home/jeremias/.miktex/texmfs/install/tex/latex/base/latexsym.sty
Package: latexsym 1998/08/17 v2.2e Standard LaTeX package (lasy symbols)
\symlasy=\mathgroup6
LaTeX Font Info:    Overwriting symbol font `lasy' in version `bold'
(Font)                  U/lasy/m/n --> U/lasy/b/n on input line 52.
)
(/home/jeremias/.miktex/texmfs/install/tex/latex/wrapfig/wrapfig.sty
\wrapoverhang=\dimen155
\WF@size=\dimen156
\c@WF@wrappedlines=\count277
\WF@box=\box53
\WF@everypar=\toks23
Package: wrapfig 2003/01/31  v 3.6
)
(/home/jeremias/.miktex/texmfs/install/tex/latex/base/makeidx.sty
Package: makeidx 2021/10/04 v1.0m Standard LaTeX package
)
(/home/jeremias/.miktex/texmfs/install/tex/latex/base/inputenc.sty
Package: inputenc 2021/02/14 v1.3d Input encoding file
\inpenc@prehook=\toks24
\inpenc@posthook=\toks25
)
(/home/jeremias/.miktex/texmfs/install/tex/latex/tools/indentfirst.sty
Package: indentfirst 1995/11/23 v1.03 Indent first paragraph (DPC)
)
(/home/jeremias/.miktex/texmfs/install/tex/latex/amsmath/amscd.sty
Package: amscd 2017/04/14 v2.1 AMS Commutative Diagrams
\athelp@=\toks26
\minaw@=\dimen157
\bigaw@=\dimen158
\minCDarrowwidth=\dimen159
)
(/home/jeremias/.miktex/texmfs/install/tex/latex/float/float.sty
Package: float 2001/11/08 v1.3d Float enhancements (AL)
\c@float@type=\count278
\float@exts=\toks27
\float@box=\box54
\@float@everytoks=\toks28
\@floatcapt=\box55
)
(/home/jeremias/.miktex/texmfs/install/tex/latex/base/textcomp.sty
Package: textcomp 2020/02/02 v2.0n Standard LaTeX package
)
(/home/jeremias/.miktex/texmfs/install/tex/latex/tools/multicol.sty
Package: multicol 2021/11/30 v1.9d multicolumn formatting (FMi)
\c@tracingmulticols=\count279
\mult@box=\box56
\multicol@leftmargin=\dimen160
\c@unbalance=\count280
\c@collectmore=\count281
\doublecol@number=\count282
\multicoltolerance=\count283
\multicolpretolerance=\count284
\full@width=\dimen161
\page@free=\dimen162
\premulticols=\dimen163
\postmulticols=\dimen164
\multicolsep=\skip53
\multicolbaselineskip=\skip54
\partial@page=\box57
\last@line=\box58
\maxbalancingoverflow=\dimen165
\mult@rightbox=\box59
\mult@grightbox=\box60
\mult@firstbox=\box61
\mult@gfirstbox=\box62
\@tempa=\box63
\@tempa=\box64
\@tempa=\box65
\@tempa=\box66
\@tempa=\box67
\@tempa=\box68
\@tempa=\box69
\@tempa=\box70
\@tempa=\box71
\@tempa=\box72
\@tempa=\box73
\@tempa=\box74
\@tempa=\box75
\@tempa=\box76
\@tempa=\box77
\@tempa=\box78
\@tempa=\box79
\@tempa=\box80
\@tempa=\box81
\@tempa=\box82
\@tempa=\box83
\@tempa=\box84
\@tempa=\box85
\@tempa=\box86
\@tempa=\box87
\@tempa=\box88
\@tempa=\box89
\@tempa=\box90
\@tempa=\box91
\@tempa=\box92
\@tempa=\box93
\@tempa=\box94
\@tempa=\box95
\@tempa=\box96
\@tempa=\box97
\@tempa=\box98
\c@minrows=\count285
\c@columnbadness=\count286
\c@finalcolumnbadness=\count287
\last@try=\dimen166
\multicolovershoot=\dimen167
\multicolundershoot=\dimen168
\mult@nat@firstbox=\box99
\colbreak@box=\box100
\mc@col@check@num=\count288
)
(/home/jeremias/.miktex/texmfs/install/tex/latex/multirow/multirow.sty
Package: multirow 2021/03/15 v2.8 Span multiple rows of a table
\multirow@colwidth=\skip55
\multirow@cntb=\count289
\multirow@dima=\skip56
\bigstrutjot=\dimen169
)
(/home/jeremias/.miktex/texmfs/install/tex/latex/jknappen/mathrsfs.sty
Package: mathrsfs 1996/01/01 Math RSFS package v1.0 (jk)
\symrsfs=\mathgroup7
)
(/home/jeremias/.miktex/texmfs/install/tex/latex/graphics/lscape.sty
Package: lscape 2020/05/28 v3.02 Landscape Pages (DPC)
)
(/home/jeremias/.miktex/texmfs/install/tex/latex/ulem/ulem.sty
\UL@box=\box101
\UL@hyphenbox=\box102
\UL@skip=\skip57
\UL@hook=\toks29
\UL@height=\dimen170
\UL@pe=\count290
\UL@pixel=\dimen171
\ULC@box=\box103
Package: ulem 2019/11/18
\ULdepth=\dimen172
)
(/home/jeremias/.miktex/texmfs/install/tex/latex/tools/enumerate.sty
Package: enumerate 2015/07/23 v3.00 enumerate extensions (DPC)
\@enLab=\toks30
)
(/home/jeremias/.miktex/texmfs/install/tex/latex/mathdesign/mathdesign.sty
Package: mathdesign 2013/08/29 v2.31 Math Design Project

(/home/jeremias/.miktex/texmfs/install/tex/latex/base/ifthen.sty
Package: ifthen 2022/04/13 v1.1d Standard LaTeX ifthen package (DPC)
)

Package mathdesign Warning: No font specified on input line 175.

(/home/jeremias/.miktex/texmfs/install/tex/latex/base/fontenc.sty
Package: fontenc 2021/04/29 v2.0v Standard LaTeX package
))
(/home/jeremias/.miktex/texmfs/install/tex/latex/amscls/amsthm.sty
Package: amsthm 2020/05/29 v2.20.6
\thm@style=\toks31
\thm@bodyfont=\toks32
\thm@headfont=\toks33
\thm@notefont=\toks34
\thm@headpunct=\toks35
\thm@preskip=\skip58
\thm@postskip=\skip59
\thm@headsep=\skip60
\dth@everypar=\toks36
)
(/home/jeremias/.miktex/texmfs/install/tex/generic/xypic/xy.sty
(/home/jeremias/.miktex/texmfs/install/tex/generic/xypic/xy.tex Bootstrap'ing:
catcodes, docmode,
(/home/jeremias/.miktex/texmfs/install/tex/generic/xypic/xyrecat.tex)
(/home/jeremias/.miktex/texmfs/install/tex/generic/xypic/xyidioms.tex)

 Xy-pic version 3.8.9 <2013/10/06>
 Copyright (c) 1991-2013 by Kristoffer H. Rose <krisrose@tug.org> and others
 Xy-pic is free software: see the User's Guide for details.

Loading kernel: messages; fonts; allocations: state,
\X@c=\dimen173
\Y@c=\dimen174
\U@c=\dimen175
\D@c=\dimen176
\L@c=\dimen177
\R@c=\dimen178
\Edge@c=\toks37
\X@p=\dimen179
\Y@p=\dimen180
\U@p=\dimen181
\D@p=\dimen182
\L@p=\dimen183
\R@p=\dimen184
\Edge@p=\toks38
\X@origin=\dimen185
\Y@origin=\dimen186
\X@xbase=\dimen187
\Y@xbase=\dimen188
\X@ybase=\dimen189
\Y@ybase=\dimen190
\X@min=\dimen191
\Y@min=\dimen192
\X@max=\dimen193
\Y@max=\dimen194
\lastobjectbox@=\box104
\zerodotbox@=\box105
\almostz@=\dimen195
 direction,
\d@X=\dimen196
\d@Y=\dimen197
\K@=\count291
\KK@=\count292
\Direction=\count293
\K@dXdY=\dimen198
\K@dYdX=\dimen199
\xyread@=\read3
\xywrite@=\write3
\csp@=\count294
\quotPTK@=\dimen256

utility macros; pictures: \xy, positions,
\swaptoks@@=\toks39
\connectobjectbox@@=\box106
 objects,
\styletoks@=\toks40
 decorations;
kernel objects: directionals, circles, text; options; algorithms: directions,
edges, connections;  Xy-pic loaded)
(/home/jeremias/.miktex/texmfs/install/tex/generic/iftex/ifpdf.sty
Package: ifpdf 2019/10/25 v3.4 ifpdf legacy package. Use iftex instead.

(/home/jeremias/.miktex/texmfs/install/tex/generic/iftex/iftex.sty
Package: iftex 2022/02/03 v1.0f TeX engine tests
))
Package: xy 2013/10/06 Xy-pic version 3.8.9

(/home/jeremias/.miktex/texmfs/install/tex/generic/xypic/xyall.tex
 Xy-pic option: All features v.3.8
(/home/jeremias/.miktex/texmfs/install/tex/generic/xypic/xycurve.tex
 Xy-pic option: Curve and Spline extension v.3.12 curve,
\crv@cnt@=\count295
\crvpts@=\toks41
\splinebox@=\box107
\splineval@=\dimen257
\splinedepth@=\dimen258
\splinetol@=\dimen259
\splinelength@=\dimen260
 circles,
\L@=\dimen261
 loaded)
(/home/jeremias/.miktex/texmfs/install/tex/generic/xypic/xyframe.tex
 Xy-pic option: Frame and Bracket extension v.3.14 loaded)
(/home/jeremias/.miktex/texmfs/install/tex/generic/xypic/xycmtip.tex
 Xy-pic option: Computer Modern tip extension v.3.7
(/home/jeremias/.miktex/texmfs/install/tex/generic/xypic/xytips.tex
 Xy-pic option: More Tips extension v.3.11 loaded) loaded)
(/home/jeremias/.miktex/texmfs/install/tex/generic/xypic/xyline.tex
 Xy-pic option: Line styles extension v.3.10
\xylinethick@=\dimen262
 loaded)
(/home/jeremias/.miktex/texmfs/install/tex/generic/xypic/xyrotate.tex
 Xy-pic option: Rotate and Scale extension v.3.8 loaded)
(/home/jeremias/.miktex/texmfs/install/tex/generic/xypic/xycolor.tex
 Xy-pic option: Colour extension v.3.11 loaded)
(/home/jeremias/.miktex/texmfs/install/tex/generic/xypic/xymatrix.tex
 Xy-pic option: Matrix feature v.3.14
\Row=\count296
\Col=\count297
\queue@=\toks42
\queue@@=\toks43
\qcount@=\count298
\qcount@@=\count299
\matrixsize@=\count300
 loaded)
(/home/jeremias/.miktex/texmfs/install/tex/generic/xypic/xyarrow.tex
 Xy-pic option: Arrow and Path feature v.3.9 path, \ar, loaded)
(/home/jeremias/.miktex/texmfs/install/tex/generic/xypic/xygraph.tex
 Xy-pic option: Graph feature v.3.11 loaded) loaded)
(/home/jeremias/.miktex/texmfs/install/tex/generic/xypic/xypdf.tex
 Xy-pic option: PDF driver v.1.7 Xy-pic pdf driver: `color' extension support
(/home/jeremias/.miktex/texmfs/install/tex/generic/xypic/xypdf-co.tex loaded)
Xy-pic pdf driver: `curve' extension support
(/home/jeremias/.miktex/texmfs/install/tex/generic/xypic/xypdf-cu.tex loaded)
Xy-pic pdf driver: `frame' extension support
(/home/jeremias/.miktex/texmfs/install/tex/generic/xypic/xypdf-fr.tex loaded)
Xy-pic pdf driver: `line' extension support
(/home/jeremias/.miktex/texmfs/install/tex/generic/xypic/xypdf-li.tex loaded)
Xy-pic pdf driver: `rotate' extension support
(/home/jeremias/.miktex/texmfs/install/tex/generic/xypic/xypdf-ro.tex loaded)
loaded)) (/home/jeremias/.miktex/texmfs/install/tex/latex/url/url.sty
\Urlmuskip=\muskip17
Package: url 2013/09/16  ver 3.4  Verb mode for urls, etc.
)
(/home/jeremias/.miktex/texmfs/install/tex/latex/hyperref/hyperref.sty
Package: hyperref 2022-11-13 v7.00u Hypertext links for LaTeX

(/home/jeremias/.miktex/texmfs/install/tex/generic/ltxcmds/ltxcmds.sty
Package: ltxcmds 2020-05-10 v1.25 LaTeX kernel commands for general use (HO)
)
(/home/jeremias/.miktex/texmfs/install/tex/generic/pdftexcmds/pdftexcmds.sty
Package: pdftexcmds 2020-06-27 v0.33 Utility functions of pdfTeX for LuaTeX (HO
)

(/home/jeremias/.miktex/texmfs/install/tex/generic/infwarerr/infwarerr.sty
Package: infwarerr 2019/12/03 v1.5 Providing info/warning/error messages (HO)
)
Package pdftexcmds Info: \pdf@primitive is available.
Package pdftexcmds Info: \pdf@ifprimitive is available.
Package pdftexcmds Info: \pdfdraftmode found.
)
(/home/jeremias/.miktex/texmfs/install/tex/latex/kvsetkeys/kvsetkeys.sty
Package: kvsetkeys 2022-10-05 v1.19 Key value parser (HO)
)
(/home/jeremias/.miktex/texmfs/install/tex/generic/kvdefinekeys/kvdefinekeys.st
y
Package: kvdefinekeys 2019-12-19 v1.6 Define keys (HO)
) (/home/jeremias/.miktex/texmfs/install/tex/generic/pdfescape/pdfescape.sty
Package: pdfescape 2019/12/09 v1.15 Implements pdfTeX's escape features (HO)
)
(/home/jeremias/.miktex/texmfs/install/tex/latex/hycolor/hycolor.sty
Package: hycolor 2020-01-27 v1.10 Color options for hyperref/bookmark (HO)
)
(/home/jeremias/.miktex/texmfs/install/tex/latex/letltxmacro/letltxmacro.sty
Package: letltxmacro 2019/12/03 v1.6 Let assignment for LaTeX macros (HO)
)
(/home/jeremias/.miktex/texmfs/install/tex/latex/auxhook/auxhook.sty
Package: auxhook 2019-12-17 v1.6 Hooks for auxiliary files (HO)
)
(/home/jeremias/.miktex/texmfs/install/tex/latex/hyperref/nameref.sty
Package: nameref 2022-05-17 v2.50 Cross-referencing by name of section

(/home/jeremias/.miktex/texmfs/install/tex/latex/refcount/refcount.sty
Package: refcount 2019/12/15 v3.6 Data extraction from label references (HO)
)
(/home/jeremias/.miktex/texmfs/install/tex/generic/gettitlestring/gettitlestrin
g.sty
Package: gettitlestring 2019/12/15 v1.6 Cleanup title references (HO)
 (/home/jeremias/.miktex/texmfs/install/tex/latex/kvoptions/kvoptions.sty
Package: kvoptions 2022-06-15 v3.15 Key value format for package options (HO)
))
\c@section@level=\count301
)
\@linkdim=\dimen263
\Hy@linkcounter=\count302
\Hy@pagecounter=\count303
 (/home/jeremias/.miktex/texmfs/install/tex/latex/hyperref/pd1enc.def
File: pd1enc.def 2022-11-13 v7.00u Hyperref: PDFDocEncoding definition (HO)
Now handling font encoding PD1 ...
... no UTF-8 mapping file for font encoding PD1
)
(/home/jeremias/.miktex/texmfs/install/tex/generic/intcalc/intcalc.sty
Package: intcalc 2019/12/15 v1.3 Expandable calculations with integers (HO)
)
(/home/jeremias/.miktex/texmfs/install/tex/generic/etexcmds/etexcmds.sty
Package: etexcmds 2019/12/15 v1.7 Avoid name clashes with e-TeX commands (HO)
)
\Hy@SavedSpaceFactor=\count304

(/home/jeremias/.miktex/texmfs/install/tex/latex/hyperref/puenc.def
File: puenc.def 2022-11-13 v7.00u Hyperref: PDF Unicode definition (HO)
Now handling font encoding PU ...
... no UTF-8 mapping file for font encoding PU
)
Package hyperref Info: Hyper figures OFF on input line 4162.
Package hyperref Info: Link nesting OFF on input line 4167.
Package hyperref Info: Hyper index ON on input line 4170.
Package hyperref Info: Plain pages OFF on input line 4177.
Package hyperref Info: Backreferencing OFF on input line 4182.
Package hyperref Info: Implicit mode ON; LaTeX internals redefined.
Package hyperref Info: Bookmarks ON on input line 4410.
\c@Hy@tempcnt=\count305
LaTeX Info: Redefining \url on input line 4748.
\XeTeXLinkMargin=\dimen264

(/home/jeremias/.miktex/texmfs/install/tex/generic/bitset/bitset.sty
Package: bitset 2019/12/09 v1.3 Handle bit-vector datatype (HO)

(/home/jeremias/.miktex/texmfs/install/tex/generic/bigintcalc/bigintcalc.sty
Package: bigintcalc 2019/12/15 v1.5 Expandable calculations on big integers (HO
)
))
\Fld@menulength=\count306
\Field@Width=\dimen265
\Fld@charsize=\dimen266
Package hyperref Info: Hyper figures OFF on input line 6027.
Package hyperref Info: Link nesting OFF on input line 6032.
Package hyperref Info: Hyper index ON on input line 6035.
Package hyperref Info: backreferencing OFF on input line 6042.
Package hyperref Info: Link coloring OFF on input line 6047.
Package hyperref Info: Link coloring with OCG OFF on input line 6052.
Package hyperref Info: PDF/A mode OFF on input line 6057.

(/home/jeremias/.miktex/texmfs/install/tex/latex/base/atbegshi-ltx.sty
Package: atbegshi-ltx 2021/01/10 v1.0c Emulation of the original atbegshi
package with kernel methods
)
\Hy@abspage=\count307
\c@Item=\count308
\c@Hfootnote=\count309
)
Package hyperref Info: Driver (autodetected): hpdftex.

(/home/jeremias/.miktex/texmfs/install/tex/latex/hyperref/hpdftex.def
File: hpdftex.def 2022-11-13 v7.00u Hyperref driver for pdfTeX

(/home/jeremias/.miktex/texmfs/install/tex/latex/base/atveryend-ltx.sty
Package: atveryend-ltx 2020/08/19 v1.0a Emulation of the original atveryend pac
kage
with kernel methods
)
\Fld@listcount=\count310
\c@bookmark@seq@number=\count311

(/home/jeremias/.miktex/texmfs/install/tex/latex/rerunfilecheck/rerunfilecheck.
sty
Package: rerunfilecheck 2022-07-10 v1.10 Rerun checks for auxiliary files (HO)

(/home/jeremias/.miktex/texmfs/install/tex/generic/uniquecounter/uniquecounter.
sty
Package: uniquecounter 2019/12/15 v1.4 Provide unlimited unique counter (HO)
)
Package uniquecounter Info: New unique counter `rerunfilecheck' on input line 2
85.
)
\Hy@SectionHShift=\skip61
) (/home/jeremias/.miktex/texmfs/install/tex/latex/pdfpages/pdfpages.sty
Package: pdfpages 2022/10/09 v0.5w Insert pages of external PDF documents (AM)

(/home/jeremias/.miktex/texmfs/install/tex/latex/tools/calc.sty
Package: calc 2017/05/25 v4.3 Infix arithmetic (KKT,FJ)
\calc@Acount=\count312
\calc@Bcount=\count313
\calc@Adimen=\dimen267
\calc@Bdimen=\dimen268
\calc@Askip=\skip62
\calc@Bskip=\skip63
LaTeX Info: Redefining \setlength on input line 80.
LaTeX Info: Redefining \addtolength on input line 81.
\calc@Ccount=\count314
\calc@Cskip=\skip64
)
(/home/jeremias/.miktex/texmfs/install/tex/latex/eso-pic/eso-pic.sty
Package: eso-pic 2020/10/14 v3.0a eso-pic (RN)
\ESO@tempdima=\dimen269
\ESO@tempdimb=\dimen270

(/home/jeremias/.miktex/texmfs/install/tex/latex/xcolor/xcolor.sty
Package: xcolor 2022/06/12 v2.14 LaTeX color extensions (UK)

(/home/jeremias/.miktex/texmfs/install/tex/latex/graphics-cfg/color.cfg
File: color.cfg 2016/01/02 v1.6 sample color configuration
)
Package xcolor Info: Driver file: pdftex.def on input line 227.

(/home/jeremias/.miktex/texmfs/install/tex/latex/graphics/mathcolor.ltx)
Package xcolor Info: Model `cmy' substituted by `cmy0' on input line 1353.
Package xcolor Info: Model `hsb' substituted by `rgb' on input line 1357.
Package xcolor Info: Model `RGB' extended on input line 1369.
Package xcolor Info: Model `HTML' substituted by `rgb' on input line 1371.
Package xcolor Info: Model `Hsb' substituted by `hsb' on input line 1372.
Package xcolor Info: Model `tHsb' substituted by `hsb' on input line 1373.
Package xcolor Info: Model `HSB' substituted by `hsb' on input line 1374.
Package xcolor Info: Model `Gray' substituted by `gray' on input line 1375.
Package xcolor Info: Model `wave' substituted by `hsb' on input line 1376.
))
\AM@pagewidth=\dimen271
\AM@pageheight=\dimen272
\AM@fboxrule=\dimen273

(/home/jeremias/.miktex/texmfs/install/tex/latex/pdfpages/pppdftex.def
File: pppdftex.def 2022/10/09 v0.5w Pdfpages driver for pdfTeX (AM)
)
\pdfpages@includegraphics@status=\count315
\AM@pagebox=\box108
\AM@global@opts=\toks44
\AM@pagecnt=\count316
\AM@toc@title=\toks45
\c@AM@survey=\count317
\AM@templatesizebox=\box109
)
\c@teorema=\count318
\c@ex=\count319
\@indexfile=\write4
\openout4 = `Dissertacao.idx'.


Writing index file Dissertacao.idx

(/home/jeremias/.miktex/texmfs/install/tex/latex/l3backend/l3backend-pdftex.def
File: l3backend-pdftex.def 2022-10-26 L3 backend support: PDF output (pdfTeX)
\l__color_backend_stack_int=\count320
\l__pdf_internal_box=\box110
) (Dissertacao.aux (capa/capa.aux) (contra_capa/contra_capa.aux)
(folha_de_rosto/folha_de_rosto.aux) (dedicatoria/dedicatoria.aux)
(agradecimentos/agradecimentos.aux) (resumo/resumo.aux) (abstract/abstract.aux)
(introducao/introducao.aux) (capitulo1/capitulo1.aux) (capitulo2/capitulo2.aux)
(capitulo3/capitulo3.aux) (bibliografia/bibliografia.aux))
\openout1 = `Dissertacao.aux'.

LaTeX Font Info:    Checking defaults for OML/cmm/m/it on input line 187.
LaTeX Font Info:    ... okay on input line 187.
LaTeX Font Info:    Checking defaults for OMS/cmsy/m/n on input line 187.
LaTeX Font Info:    ... okay on input line 187.
LaTeX Font Info:    Checking defaults for OT1/cmr/m/n on input line 187.
LaTeX Font Info:    ... okay on input line 187.
LaTeX Font Info:    Checking defaults for T1/cmr/m/n on input line 187.
LaTeX Font Info:    ... okay on input line 187.
LaTeX Font Info:    Checking defaults for TS1/cmr/m/n on input line 187.
LaTeX Font Info:    ... okay on input line 187.
LaTeX Font Info:    Checking defaults for OMX/cmex/m/n on input line 187.
LaTeX Font Info:    ... okay on input line 187.
LaTeX Font Info:    Checking defaults for U/cmr/m/n on input line 187.
LaTeX Font Info:    ... okay on input line 187.
LaTeX Font Info:    Checking defaults for PD1/pdf/m/n on input line 187.
LaTeX Font Info:    ... okay on input line 187.
LaTeX Font Info:    Checking defaults for PU/pdf/m/n on input line 187.
LaTeX Font Info:    ... okay on input line 187.

(/home/jeremias/.miktex/texmfs/install/tex/context/base/mkii/supp-pdf.mkii
[Loading MPS to PDF converter (version 2006.09.02).]
\scratchcounter=\count321
\scratchdimen=\dimen274
\scratchbox=\box111
\nofMPsegments=\count322
\nofMParguments=\count323
\everyMPshowfont=\toks46
\MPscratchCnt=\count324
\MPscratchDim=\dimen275
\MPnumerator=\count325
\makeMPintoPDFobject=\count326
\everyMPtoPDFconversion=\toks47
)
(/home/jeremias/.miktex/texmfs/install/tex/latex/epstopdf-pkg/epstopdf-base.sty
Package: epstopdf-base 2020-01-24 v2.11 Base part for package epstopdf
Package epstopdf-base Info: Redefining graphics rule for `.eps' on input line 4
85.
(/home/jeremias/.miktex/texmfs/install/tex/latex/00miktex/epstopdf-sys.cfg
File: epstopdf-sys.cfg 2021/03/18 v2.0 Configuration of epstopdf for MiKTeX
))
LaTeX Font Info:    Trying to load font information for U+msa on input line 187
.

(/home/jeremias/.miktex/texmfs/install/tex/latex/amsfonts/umsa.fd
File: umsa.fd 2013/01/14 v3.01 AMS symbols A
)
LaTeX Font Info:    Trying to load font information for U+msb on input line 187
.

(/home/jeremias/.miktex/texmfs/install/tex/latex/amsfonts/umsb.fd
File: umsb.fd 2013/01/14 v3.01 AMS symbols B
)
LaTeX Font Info:    Trying to load font information for U+lasy on input line 18
7.

(/home/jeremias/.miktex/texmfs/install/tex/latex/base/ulasy.fd
File: ulasy.fd 1998/08/17 v2.2e LaTeX symbol font definitions
)
LaTeX Font Info:    Trying to load font information for U+rsfs on input line 18
7.

(/home/jeremias/.miktex/texmfs/install/tex/latex/jknappen/ursfs.fd
File: ursfs.fd 1998/03/24 rsfs font definition file (jk)
)
Package xypdf Info: Line width: 0.47998pt on input line 187.
Package hyperref Info: Link coloring OFF on input line 187.

(Dissertacao.out) (Dissertacao.out)
\@outlinefile=\write5
\openout5 = `Dissertacao.out'.


(/home/jeremias/.miktex/texmfs/install/tex/latex/pdflscape/pdflscape.sty
Package: pdflscape 2022-10-27 v0.13 Display of landscape pages in PDF

(/home/jeremias/.miktex/texmfs/install/tex/latex/pdflscape/pdflscape-nometadata
.sty
Package: pdflscape-nometadata 2022-10-28 v0.13 Display of landscape pages in PD
F (HO)
Package pdflscape Info: Auto-detected driver: pdftex on input line 81.
)))
\openout2 = `./capa/capa.aux'.

 (capa/capa.tex
<logo/logoufu_0.jpg, id=50, 40.65187pt x 39.14626pt>
File: logo/logoufu_0.jpg Graphic file (type jpg)
<use logo/logoufu_0.jpg>
Package pdftex.def Info: logo/logoufu_0.jpg  used on input line 17.
(pdftex.def)             Requested size: 50.75143pt x 49.00018pt.
 [1


{/home/jeremias/.miktex/texmfs/data/fonts/map/pdftex/pdftex.map} <./logo/logouf
u_0.jpg>])
\openout2 = `./contra_capa/contra_capa.aux'.

 (contra_capa/contra_capa.tex
Underfull \hbox (badness 6978) in paragraph at lines 18--21
[]\T1/cmr/bx/n/12 Dissertação \T1/cmr/m/n/12 apresentada ao Programa de Pós-
 []

) [2



]
<ficha_catalografica/reportFichaCatalografica.pdf, id=62, 597.23125pt x 845.157
5pt>
File: ficha_catalografica/reportFichaCatalografica.pdf Graphic file (type pdf)
<use ficha_catalografica/reportFichaCatalografica.pdf>
Package pdftex.def Info: ficha_catalografica/reportFichaCatalografica.pdf  used
 on input line 7.
(pdftex.def)             Requested size: 597.22978pt x 845.15544pt.
File: ficha_catalografica/reportFichaCatalografica.pdf Graphic file (type pdf)
<use ficha_catalografica/reportFichaCatalografica.pdf>
Package pdftex.def Info: ficha_catalografica/reportFichaCatalografica.pdf  used
 on input line 7.
(pdftex.def)             Requested size: 597.22978pt x 845.15544pt.
<ficha_catalografica/reportFichaCatalografica.pdf, id=65, page=1, 597.23125pt x
 845.1575pt>
File: ficha_catalografica/reportFichaCatalografica.pdf Graphic file (type pdf)
<use ficha_catalografica/reportFichaCatalografica.pdf, page 1>
Package pdftex.def Info: ficha_catalografica/reportFichaCatalografica.pdf , pag
e1 used on input line 7.
(pdftex.def)             Requested size: 597.22978pt x 845.15544pt.
File: ficha_catalografica/reportFichaCatalografica.pdf Graphic file (type pdf)
<use ficha_catalografica/reportFichaCatalografica.pdf, page 1>
Package pdftex.def Info: ficha_catalografica/reportFichaCatalografica.pdf , pag
e1 used on input line 7.
(pdftex.def)             Requested size: 597.25711pt x 845.19412pt.
File: ficha_catalografica/reportFichaCatalografica.pdf Graphic file (type pdf)
<use ficha_catalografica/reportFichaCatalografica.pdf, page 1>
Package pdftex.def Info: ficha_catalografica/reportFichaCatalografica.pdf , pag
e1 used on input line 7.
(pdftex.def)             Requested size: 597.25711pt x 845.19412pt.
File: ficha_catalografica/reportFichaCatalografica.pdf Graphic file (type pdf)
<use ficha_catalografica/reportFichaCatalografica.pdf, page 1>
Package pdftex.def Info: ficha_catalografica/reportFichaCatalografica.pdf , pag
e1 used on input line 7.
(pdftex.def)             Requested size: 597.25711pt x 845.19412pt.
File: ficha_catalografica/reportFichaCatalografica.pdf Graphic file (type pdf)
<use ficha_catalografica/reportFichaCatalografica.pdf, page 1>
Package pdftex.def Info: ficha_catalografica/reportFichaCatalografica.pdf , pag
e1 used on input line 7.
(pdftex.def)             Requested size: 597.25711pt x 845.19412pt.
 [3


 <./ficha_catalografica/reportFichaCatalografica.pdf>]
\openout2 = `./folha_de_rosto/folha_de_rosto.aux'.


(folha_de_rosto/folha_de_rosto.tex
File: logo/logoufu_0.jpg Graphic file (type jpg)
<use logo/logoufu_0.jpg>
Package pdftex.def Info: logo/logoufu_0.jpg  used on input line 7.
(pdftex.def)             Requested size: 50.75143pt x 49.00018pt.

Overfull \hbox (2.53813pt too wide) in paragraph at lines 42--43
\T1/cmr/bx/n/12 TÍTULO DA DISSERTAÇÃO: \T1/cmr/m/n/12 Consequências da Hiperbol
icidade na Dinâmica das Funções. 
 []

[4

])
\openout2 = `./dedicatoria/dedicatoria.aux'.

 (dedicatoria/dedicatoria.tex [5



])
\openout2 = `./agradecimentos/agradecimentos.aux'.

 (agradecimentos/agradecimentos.tex
Overfull \hbox (6.37242pt too wide) in paragraph at lines 11--12
[]\T1/cmr/m/n/12 Agradeço aos meus pais, Maria da Silva Dourado e Valmir José D
ourado, por terem enfrentado
 []


Overfull \hbox (6.02798pt too wide) in paragraph at lines 13--14
[]\T1/cmr/m/n/12 Agradeço às minhas irmãs e irmãos que me apoiaram e foram ombr
os amigos nas adversidades,
 []


Overfull \hbox (10.46576pt too wide) in paragraph at lines 17--18
[]\T1/cmr/m/n/12 Agradeço ao meu orientador Thiago Catalan pela paciente orient
ação construtivista e dialética,
 []

[6



])
\openout2 = `./resumo/resumo.aux'.

 (resumo/resumo.tex
Overfull \hbox (24.05774pt too wide) in paragraph at lines 14--15
\T1/cmr/m/n/12 difeomorfismos definidos sobre variedades diferenciáveis compact
as. Apresentamos os difeomorfismos
 []


Overfull \hbox (4.33105pt too wide) in paragraph at lines 14--15
\T1/cmr/m/n/12 tiramos consequências e relações entre propriedades topológicas 
e ergódicas como: transitividade,
 []


Overfull \hbox (30.91756pt too wide) in paragraph at lines 18--19
\T1/cmr/m/it/12 Palavras-chave\T1/cmr/m/n/12 : Difeomorfismos de Anosov, Difeom
orfismos Parcialmente Hiperbólicos, Ergodicidade,
 []

[7



])
\openout2 = `./abstract/abstract.aux'.

 (abstract/abstract.tex
Overfull \hbox (32.5853pt too wide) in paragraph at lines 13--14
\T1/cmr/m/n/12 In this work we concern about hyperbolicity and your consequence
s in the dynamics of diffeomorphisms
 []


Overfull \hbox (48.78806pt too wide) in paragraph at lines 17--18
\T1/cmr/m/it/12 Keywords\T1/cmr/m/n/12 : Anosov Difeomorphisms, Differentiable 
dynamics, Ergodicity, Hyperbolicity, Topologicamente
 []

) [8



] (Dissertacao.toc
Overfull \hbox (12.65813pt too wide) in paragraph at lines 10--10
 [] [][]\T1/cmr/bx/n/12 Densidade das Variedades Estáveis e Instáveis dos Difeo
morfismos Parcialmente 
 []

)
\tf@toc=\write6
\openout6 = `Dissertacao.toc'.

 [9



]
\openout2 = `./introducao/introducao.aux'.

 (introducao/introducao.tex
Overfull \hbox (18.81924pt too wide) in paragraph at lines 18--19
[]\T1/cmr/m/n/12 Alguns difeomorfismos definidos em variedades diferenciáveis c
ompactas desfrutam de estruturas
 []

[1


]

LaTeX Warning: Reference `TeoEquivMinimal' on page 2 undefined on input line 30
.

) [2]
\openout2 = `./capitulo1/capitulo1.aux'.

 (capitulo1/capitulo1.tex
Cap\'{\i }tulo 1.
[3




]
Overfull \hbox (3.13681pt too wide) in paragraph at lines 19--20
\T1/cmr/bx/n/12 órbita \T1/cmr/m/n/12 para $\OML/cmm/m/it/12 f$ \T1/cmr/m/n/12 
se $\OML/cmm/m/it/12 d[]f\OT1/cmr/m/n/12 (\OML/cmm/m/it/12 x[]\OT1/cmr/m/n/12 )
\OML/cmm/m/it/12 ; x[][] \OMS/cmsy/m/n/12 ^^T \OML/cmm/m/it/12 "$\T1/cmr/m/n/12
 . Se $\OML/cmm/m/it/12 x \OMS/cmsy/m/n/12 2 f\OML/cmm/m/it/12 x[]\OMS/cmsy/m/n
/12 g[]$ \T1/cmr/m/n/12 e existe um $\OML/cmm/m/it/12 n[] \OMS/cmsy/m/n/12 2 \U
/msb/m/n/12 N$ \T1/cmr/m/n/12 tal que $\OML/cmm/m/it/12 d[]f\OT1/cmr/m/n/12 (\O
ML/cmm/m/it/12 x[]\OT1/cmr/m/n/12 )\OML/cmm/m/it/12 ; x[] \OMS/cmsy/m/n/12 ^^T
 []

[4] [5] [6] <xymatrix 2x2 182> [7] [8] [9] [10] [11] [12] <xymatrix 2x2 182>
[13] [14]
Underfull \vbox (badness 4403) has occurred while \output is active []

 [15]
[16]
Overfull \hbox (20.5813pt too wide) in paragraph at lines 322--323
[]\T1/cmr/m/n/12 Na sequência vamos mostrar uma versão topológica desse resulta
do, que é útil para relacionarmos
 []

[17]
Overfull \hbox (10.2394pt too wide) in paragraph at lines 345--346
[]\T1/cmr/m/n/12 Podemos então concluir que com hipóteses relativamente fracas,
 conseguimos sempre encontrar
 []


Overfull \hbox (13.40137pt too wide) in paragraph at lines 353--354
[]\T1/cmr/m/n/12 O próximo resultado é o Teorema Ergódico de Birkhoff que nos p
ermitirá um bom entendimento
 []

[18] [19]
Overfull \hbox (1.29453pt too wide) in paragraph at lines 408--409
\T1/cmr/m/n/12 Logo, pra demonstrarmos a igualdade dada no teorema, basta prova
rmos a seguinte desigualdade
 []

[20]
Underfull \vbox (badness 10000) has occurred while \output is active []

 [21]
Overfull \hbox (5.99365pt too wide) in paragraph at lines 482--483
\OML/cmm/m/it/12 M\OT1/cmr/m/n/12 ;  \OML/cmm/m/it/12 t\OT1/cmr/m/n/12 (\OML/cm
m/m/it/12 y\OT1/cmr/m/n/12 ) \OMS/cmsy/m/n/12 ^^T \OML/cmm/m/it/12 m[]$\T1/cmr/
m/n/12 . Temos que $\OML/cmm/m/it/12 A[] \OMS/cmsy/m/n/12 ^^R \OML/cmm/m/it/12 
A[]$ \T1/cmr/m/n/12 e $[][] \OML/cmm/m/it/12 A[] \OT1/cmr/m/n/12 = \OML/cmm/m/i
t/12 M$\T1/cmr/m/n/12 , então $[][] \OML/cmm/m/it/12 ^^V\OT1/cmr/m/n/12 (\OML/c
mm/m/it/12 A[]\OT1/cmr/m/n/12 ) = \OML/cmm/m/it/12 ^^V [] [] 
 []

[22] [23] [24] [25] [26] [27]) [28]
\openout2 = `./capitulo2/capitulo2.aux'.


No file ./capitulo2/capitulo2.tex.
\openout2 = `./capitulo3/capitulo3.aux'.

(capitulo3/capitulo3.tex
Cap\'{\i }tulo 2.
[29







]
Overfull \hbox (13.43597pt too wide) in paragraph at lines 29--30
[]\T1/cmr/m/n/12 Quando $\OML/cmm/m/it/12 M$ \T1/cmr/m/n/12 é um conjunto parci
almente hiperbólico, chamamos $\OML/cmm/m/it/12 f \OT1/cmr/m/n/12 : \OML/cmm/m/
it/12 M \OMS/cmsy/m/n/12 ! \OML/cmm/m/it/12 M$ \T1/cmr/m/n/12 de \T1/cmr/bx/n/1
2 difeomorfismo
 []

[30]

LaTeX Warning: Reference `TeoEquivMinimal' on page 31 undefined on input line 4
7.


LaTeX Warning: Reference `TeoEquivMinimal' on page 31 undefined on input line 5
2.


Package hyperref Warning: Token not allowed in a PDF string (Unicode):
(hyperref)                removing `math shift' on input line 59.


Package hyperref Warning: Token not allowed in a PDF string (Unicode):
(hyperref)                removing `math shift' on input line 59.


Overfull \hbox (11.5446pt too wide) in paragraph at lines 61--62
[]\T1/cmr/m/n/12 Existem difeomorfismos parcialmente hiperbólicos em que o conj
unto dos pontos cuja variedade
 []

[31]
Overfull \hbox (20.70538pt too wide) in paragraph at lines 66--67
[]\T1/cmr/m/n/12 Em (Arbieto/Catalan/Nobili [[]]), eles mostram que difeomorfis
mos $\OML/cmm/m/it/12 m\OMS/cmsy/m/n/12 ^^@$\T1/cmr/m/n/12 minimais são abundan
tes
 []


Overfull \hbox (14.93703pt too wide) in paragraph at lines 68--69
\T1/cmr/m/it/12 preservam a medida $\OML/cmm/m/it/12 m$\T1/cmr/m/it/12 . Então,
 existe um conjunto aberto $\OMS/cmsy/m/n/12 G ^^R [][]\OT1/cmr/m/n/12 (\OML/cm
m/m/it/12 M\OT1/cmr/m/n/12 )$ \T1/cmr/m/it/12 tal que todo difeomorfismo
 []


Overfull \hbox (4.30336pt too wide) in paragraph at lines 84--85
[]\T1/cmr/m/n/12 Para uniformizar a demonstração, faremos uma substituição de n
otação, façamos
 []

[32]
Underfull \hbox (badness 10000) in paragraph at lines 102--103

 []

[33]
Overfull \hbox (12.627pt too wide) in paragraph at lines 130--131
[]\T1/cmr/m/n/12 Vamos provar para o caso $\OML/cmm/m/it/12 ms\OMS/cmsy/m/n/12 
^^@$\T1/cmr/m/n/12 minimal. Para o caso $\OML/cmm/m/it/12 mu\OMS/cmsy/m/n/12 ^^
@$\T1/cmr/m/n/12 minimal a demonstração
 []

[34] [35]
Overfull \hbox (0.95534pt too wide) in paragraph at lines 194--195
[]\T1/cmr/m/n/12 A seguinte proposição, que é uma consequência direta do lema a
nterior, relaciona a $\OML/cmm/m/it/12 ms\OT1/cmr/m/n/12 (\OML/cmm/m/it/12 mu\O
T1/cmr/m/n/12 )\OMS/cmsy/m/n/12 ^^@$
 []

[36]) [37]
\openout2 = `./bibliografia/bibliografia.aux'.

 (bibliografia/bibliografia.tex
LaTeX Font Info:    Trying to load font information for T1+cmtt on input line 7
.

(/home/jeremias/.miktex/texmfs/install/tex/latex/base/t1cmtt.fd
File: t1cmtt.fd 2022/07/10 v2.5l Standard LaTeX font definitions
)) [38




]
(Dissertacao.aux (capa/capa.aux) (contra_capa/contra_capa.aux)
(folha_de_rosto/folha_de_rosto.aux) (dedicatoria/dedicatoria.aux)
(agradecimentos/agradecimentos.aux) (resumo/resumo.aux) (abstract/abstract.aux)
(introducao/introducao.aux) (capitulo1/capitulo1.aux) (capitulo2/capitulo2.aux)
(capitulo3/capitulo3.aux) (bibliografia/bibliografia.aux))

LaTeX Warning: There were undefined references.

Package rerunfilecheck Info: File `Dissertacao.out' has not changed.
(rerunfilecheck)             Checksum: CDCEBF21A8AA60FEDD9EDDBE2FE3E762;2147.
 ) 
Here is how much of TeX's memory you used:
 16341 strings out of 477216
 261122 string characters out of 2825570
 656558 words of memory out of 3000000
 36969 multiletter control sequences out of 15000+600000
 493788 words of font info for 98 fonts, out of 8000000 for 9000
 0 hyphenation exceptions out of 8191
 79i,17n,82p,3280b,664s stack positions out of 10000i,1000n,20000p,200000b,80000s
 </home/jeremias/.miktex/texmfs/data/fonts/pk/ljfour/jknappen/ec/dpi600/ectt1
200.pk> </home/jeremias/.miktex/texmfs/data/fonts/pk/ljfour/jknappen/ec/dpi600/
ecbx1440.pk> </home/jeremias/.miktex/texmfs/data/fonts/pk/ljfour/jknappen/ec/dp
i600/ecbi1200.pk> </home/jeremias/.miktex/texmfs/data/fonts/pk/ljfour/jknappen/
ec/dpi600/ecbx1728.pk> </home/jeremias/.miktex/texmfs/data/fonts/pk/ljfour/jkna
ppen/ec/dpi600/tcrm1200.pk> </home/jeremias/.miktex/texmfs/data/fonts/pk/ljfour
/jknappen/ec/dpi600/ecbx2488.pk> </home/jeremias/.miktex/texmfs/data/fonts/pk/l
jfour/jknappen/ec/dpi600/ecti1200.pk> </home/jeremias/.miktex/texmfs/data/fonts
/pk/ljfour/jknappen/ec/dpi600/ecrm1095.pk> </home/jeremias/.miktex/texmfs/data/
fonts/pk/ljfour/jknappen/ec/dpi600/ecbx1095.pk> </home/jeremias/.miktex/texmfs/
data/fonts/pk/ljfour/jknappen/ec/dpi600/ecrm1200.pk> </home/jeremias/.miktex/te
xmfs/data/fonts/pk/ljfour/jknappen/ec/dpi600/ecbx2074.pk> </home/jeremias/.mikt
ex/texmfs/data/fonts/pk/ljfour/jknappen/ec/dpi600/ecbx1200.pk></home/jeremias/.
miktex/texmfs/install/fonts/type1/public/amsfonts/cm/cmex10.pfb></home/jeremias
/.miktex/texmfs/install/fonts/type1/public/amsfonts/cm/cmmi12.pfb></home/jeremi
as/.miktex/texmfs/install/fonts/type1/public/amsfonts/cm/cmmi6.pfb></home/jerem
ias/.miktex/texmfs/install/fonts/type1/public/amsfonts/cm/cmmi8.pfb></home/jere
mias/.miktex/texmfs/install/fonts/type1/public/amsfonts/cm/cmr12.pfb></home/jer
emias/.miktex/texmfs/install/fonts/type1/public/amsfonts/cm/cmr6.pfb></home/jer
emias/.miktex/texmfs/install/fonts/type1/public/amsfonts/cm/cmr8.pfb></home/jer
emias/.miktex/texmfs/install/fonts/type1/public/amsfonts/cm/cmsy10.pfb></home/j
eremias/.miktex/texmfs/install/fonts/type1/public/amsfonts/cm/cmsy6.pfb></home/
jeremias/.miktex/texmfs/install/fonts/type1/public/amsfonts/cm/cmsy8.pfb></home
/jeremias/.miktex/texmfs/install/fonts/type1/public/amsfonts/symbols/msbm10.pfb
></home/jeremias/.miktex/texmfs/install/fonts/type1/public/xypic/xyatip10.pfb><
/home/jeremias/.miktex/texmfs/install/fonts/type1/public/xypic/xybtip10.pfb>
Output written on Dissertacao.pdf (47 pages, 520028 bytes).
PDF statistics:
 1047 PDF objects out of 1200 (max. 8388607)
 167 named destinations out of 1000 (max. 500000)
 122 words of extra memory for PDF output out of 10000 (max. 10000000)

